[debug] [2022-12-29T04:48:03.416Z] ----------------------------------------------------------------------
[debug] [2022-12-29T04:48:03.417Z] Command:       C:\Program Files\nodejs\node.exe C:\Users\User\AppData\Roaming\npm\node_modules\firebase-tools\lib\bin\firebase.js deploy
[debug] [2022-12-29T04:48:03.418Z] CLI Version:   10.6.0
[debug] [2022-12-29T04:48:03.418Z] Platform:      win32
[debug] [2022-12-29T04:48:03.418Z] Node Version:  v16.13.1
[debug] [2022-12-29T04:48:03.428Z] Time:          Thu Dec 29 2022 10:48:03 GMT+0600 (Bangladesh Standard Time)
[debug] [2022-12-29T04:48:03.429Z] ----------------------------------------------------------------------
[debug] 
[debug] [2022-12-29T04:48:03.431Z] >>> [apiv2][query] GET https://firebase-public.firebaseio.com/cli.json [none]
[debug] [2022-12-29T04:48:03.487Z] > command requires scopes: ["email","openid","https://www.googleapis.com/auth/cloudplatformprojects.readonly","https://www.googleapis.com/auth/firebase","https://www.googleapis.com/auth/cloud-platform"]
[debug] [2022-12-29T04:48:03.487Z] > authorizing via signed-in user (alapottratrojon@gmail.com)
[debug] [2022-12-29T04:48:03.488Z] [iam] checking project furnitano for permissions ["firebase.projects.get","firebasehosting.sites.update"]
[debug] [2022-12-29T04:48:03.488Z] > refreshing access token with scopes: []
[debug] [2022-12-29T04:48:03.489Z] >>> HTTP REQUEST POST https://www.googleapis.com/oauth2/v3/token  
 <request body omitted>
[debug] [2022-12-29T04:48:03.790Z] <<< HTTP RESPONSE 400 {"expires":"Mon, 01 Jan 1990 00:00:00 GMT","date":"Thu, 29 Dec 2022 04:48:03 GMT","cache-control":"no-cache, no-store, max-age=0, must-revalidate","pragma":"no-cache","content-type":"application/json; charset=utf-8","vary":"X-Origin, Referer, Origin,Accept-Encoding","server":"scaffolding on HTTPServer2","x-xss-protection":"0","x-frame-options":"SAMEORIGIN","x-content-type-options":"nosniff","alt-svc":"h3=\":443\"; ma=2592000,h3-29=\":443\"; ma=2592000,h3-Q050=\":443\"; ma=2592000,h3-Q046=\":443\"; ma=2592000,h3-Q043=\":443\"; ma=2592000,quic=\":443\"; ma=2592000; v=\"46,43\"","accept-ranges":"none","transfer-encoding":"chunked"}
[debug] [2022-12-29T04:48:03.791Z] >>> [apiv2][query] POST https://cloudresourcemanager.googleapis.com/v1/projects/furnitano:testIamPermissions [none]
[debug] [2022-12-29T04:48:03.791Z] >>> [apiv2][body] POST https://cloudresourcemanager.googleapis.com/v1/projects/furnitano:testIamPermissions {"permissions":["firebase.projects.get","firebasehosting.sites.update"]}
[debug] [2022-12-29T04:48:04.120Z] <<< [apiv2][status] GET https://firebase-public.firebaseio.com/cli.json 200
[debug] [2022-12-29T04:48:04.120Z] <<< [apiv2][body] GET https://firebase-public.firebaseio.com/cli.json {"cloudBuildErrorAfter":1594252800000,"cloudBuildWarnAfter":1590019200000,"defaultNode10After":1594252800000,"minVersion":"3.0.5","node8DeploysDisabledAfter":1613390400000,"node8RuntimeDisabledAfter":1615809600000,"node8WarnAfter":1600128000000}
[debug] [2022-12-29T04:48:05.469Z] <<< [apiv2][status] POST https://cloudresourcemanager.googleapis.com/v1/projects/furnitano:testIamPermissions 401
[debug] [2022-12-29T04:48:05.469Z] <<< [apiv2][body] POST https://cloudresourcemanager.googleapis.com/v1/projects/furnitano:testIamPermissions {"error":{"code":401,"message":"Request had invalid authentication credentials. Expected OAuth 2 access token, login cookie or other valid authentication credential. See https://developers.google.com/identity/sign-in/web/devconsole-project.","status":"UNAUTHENTICATED","details":[{"@type":"type.googleapis.com/google.rpc.ErrorInfo","reason":"ACCESS_TOKEN_TYPE_UNSUPPORTED","metadata":{"method":"google.cloudresourcemanager.v1.Projects.TestIamPermissions","service":"cloudresourcemanager.googleapis.com"}}]}}
[debug] [2022-12-29T04:48:05.470Z] [iam] error while checking permissions, command may fail: FirebaseError: HTTP Error: 401, Request had invalid authentication credentials. Expected OAuth 2 access token, login cookie or other valid authentication credential. See https://developers.google.com/identity/sign-in/web/devconsole-project.
[debug] [2022-12-29T04:48:05.470Z] > refreshing access token with scopes: []
[debug] [2022-12-29T04:48:05.470Z] >>> HTTP REQUEST POST https://www.googleapis.com/oauth2/v3/token  
 <request body omitted>
[debug] [2022-12-29T04:48:05.754Z] <<< HTTP RESPONSE 400 {"cache-control":"no-cache, no-store, max-age=0, must-revalidate","date":"Thu, 29 Dec 2022 04:48:05 GMT","expires":"Mon, 01 Jan 1990 00:00:00 GMT","pragma":"no-cache","content-type":"application/json; charset=utf-8","vary":"X-Origin, Referer, Origin,Accept-Encoding","server":"scaffolding on HTTPServer2","x-xss-protection":"0","x-frame-options":"SAMEORIGIN","x-content-type-options":"nosniff","alt-svc":"h3=\":443\"; ma=2592000,h3-29=\":443\"; ma=2592000,h3-Q050=\":443\"; ma=2592000,h3-Q046=\":443\"; ma=2592000,h3-Q043=\":443\"; ma=2592000,quic=\":443\"; ma=2592000; v=\"46,43\"","accept-ranges":"none","transfer-encoding":"chunked"}
[debug] [2022-12-29T04:48:05.755Z] >>> [apiv2][query] GET https://firebase.googleapis.com/v1beta1/projects/furnitano [none]
[debug] [2022-12-29T04:48:06.079Z] <<< [apiv2][status] GET https://firebase.googleapis.com/v1beta1/projects/furnitano 401
[debug] [2022-12-29T04:48:06.079Z] <<< [apiv2][body] GET https://firebase.googleapis.com/v1beta1/projects/furnitano {"error":{"code":401,"message":"Request had invalid authentication credentials. Expected OAuth 2 access token, login cookie or other valid authentication credential. See https://developers.google.com/identity/sign-in/web/devconsole-project.","status":"UNAUTHENTICATED"}}
[debug] [2022-12-29T04:48:06.079Z] HTTP Error: 401, Request had invalid authentication credentials. Expected OAuth 2 access token, login cookie or other valid authentication credential. See https://developers.google.com/identity/sign-in/web/devconsole-project.
[debug] [2022-12-29T04:48:06.355Z] FirebaseError: HTTP Error: 401, Request had invalid authentication credentials. Expected OAuth 2 access token, login cookie or other valid authentication credential. See https://developers.google.com/identity/sign-in/web/devconsole-project.
    at module.exports (C:\Users\User\AppData\Roaming\npm\node_modules\firebase-tools\lib\responseToError.js:47:12)
    at RetryOperation._fn (C:\Users\User\AppData\Roaming\npm\node_modules\firebase-tools\lib\apiv2.js:286:39)
    at processTicksAndRejections (node:internal/process/task_queues:96:5)
[error] 
[error] Error: Failed to get Firebase project furnitano. Please make sure the project exists and your account has permission to access it.
